# JRE version: Java(TM) SE Runtime Environment (9.0+11) (build 9.0.4+11)
# Java VM: Java HotSpot(TM) 64-Bit Server VM (9.0.4+11, mixed mode, tiered, compressed oops, g1 gc, windows-amd64)
Heap:
 garbage-first heap   total 172032K, used 113255K [0x0000000700000000, 0x0000000700100540, 0x00000007c0000000)
  region size 1024K, 54 young (55296K), 3 survivors (3072K)
 Metaspace       used 75564K, capacity 80579K, committed 80764K, reserved 1118208K
  class space    used 10683K, capacity 11564K, committed 11644K, reserved 1048576K
GC Heap History (10 events):
Event: 205.557 GC heap before
{Heap before GC invocations=53 (full 2):
 garbage-first heap   total 172032K, used 120480K [0x0000000700000000, 0x0000000700100540, 0x00000007c0000000)
  region size 1024K, 60 young (61440K), 2 survivors (2048K)
 Metaspace       used 74871K, capacity 79391K, committed 79484K, reserved 1118208K
  class space    used 10571K, capacity 11374K, committed 11388K, reserved 1048576K
}
Event: 205.560 GC heap after
{Heap after GC invocations=54 (full 2):
 garbage-first heap   total 172032K, used 61488K [0x0000000700000000, 0x0000000700100540, 0x00000007c0000000)
  region size 1024K, 3 young (3072K), 3 survivors (3072K)
 Metaspace       used 74871K, capacity 79391K, committed 79484K, reserved 1118208K
  class space    used 10571K, capacity 11374K, committed 11388K, reserved 1048576K
}
Event: 207.277 GC heap before
{Heap before GC invocations=54 (full 2):
 garbage-first heap   total 172032K, used 119856K [0x0000000700000000, 0x0000000700100540, 0x00000007c0000000)
  region size 1024K, 60 young (61440K), 3 survivors (3072K)
 Metaspace       used 75221K, capacity 80213K, committed 80508K, reserved 1118208K
  class space    used 10654K, capacity 11529K, committed 11644K, reserved 1048576K
}
Event: 207.280 GC heap after
{Heap after GC invocations=55 (full 2):
 garbage-first heap   total 172032K, used 61965K [0x0000000700000000, 0x0000000700100540, 0x00000007c0000000)
  region size 1024K, 3 young (3072K), 3 survivors (3072K)
 Metaspace       used 75221K, capacity 80213K, committed 80508K, reserved 1118208K
  class space    used 10654K, capacity 11529K, committed 11644K, reserved 1048576K
}
Event: 207.562 GC heap before
{Heap before GC invocations=55 (full 2):
 garbage-first heap   total 172032K, used 120333K [0x0000000700000000, 0x0000000700100540, 0x00000007c0000000)
  region size 1024K, 60 young (61440K), 3 survivors (3072K)
 Metaspace       used 75239K, capacity 80277K, committed 80508K, reserved 1118208K
  class space    used 10654K, capacity 11529K, committed 11644K, reserved 1048576K
}
Event: 207.566 GC heap after
{Heap after GC invocations=56 (full 2):
 garbage-first heap   total 172032K, used 62818K [0x0000000700000000, 0x0000000700100540, 0x00000007c0000000)
  region size 1024K, 4 young (4096K), 4 survivors (4096K)
 Metaspace       used 75239K, capacity 80277K, committed 80508K, reserved 1118208K
  class space    used 10654K, capacity 11529K, committed 11644K, reserved 1048576K
}
Event: 215.439 GC heap before
{Heap before GC invocations=56 (full 2):
 garbage-first heap   total 172032K, used 120162K [0x0000000700000000, 0x0000000700100540, 0x00000007c0000000)
  region size 1024K, 60 young (61440K), 4 survivors (4096K)
 Metaspace       used 75331K, capacity 80343K, committed 80508K, reserved 1118208K
  class space    used 10655K, capacity 11530K, committed 11644K, reserved 1048576K
}
Event: 215.444 GC heap after
{Heap after GC invocations=57 (full 2):
 garbage-first heap   total 172032K, used 62097K [0x0000000700000000, 0x0000000700100540, 0x00000007c0000000)
  region size 1024K, 3 young (3072K), 3 survivors (3072K)
 Metaspace       used 75331K, capacity 80343K, committed 80508K, reserved 1118208K
  class space    used 10655K, capacity 11530K, committed 11644K, reserved 1048576K
}
Event: 236.884 GC heap before
{Heap before GC invocations=57 (full 2):
 garbage-first heap   total 172032K, used 120465K [0x0000000700000000, 0x0000000700100540, 0x00000007c0000000)
  region size 1024K, 60 young (61440K), 3 survivors (3072K)
 Metaspace       used 75427K, capacity 80477K, committed 80764K, reserved 1118208K
  class space    used 10656K, capacity 11531K, committed 11644K, reserved 1048576K
}
Event: 236.888 GC heap after
{Heap after GC invocations=58 (full 2):
 garbage-first heap   total 172032K, used 62055K [0x0000000700000000, 0x0000000700100540, 0x00000007c0000000)
  region size 1024K, 3 young (3072K), 3 survivors (3072K)
 Metaspace       used 75427K, capacity 80477K, committed 80764K, reserved 1118208K
  class space    used 10656K, capacity 11531K, committed 11644K, reserved 1048576K
}

